2020-04-07 09:31:07,622----日志级别:INFO---行号: 157 ---函数名:log_message--日志内容: "GET /index HTTP/1.1" 200 12486 
2020-04-07 09:31:07,669----日志级别:INFO---行号: 157 ---函数名:log_message--日志内容: "GET /static/css/xadmin.css HTTP/1.1" 200 10034 
2020-04-07 09:31:07,673----日志级别:INFO---行号: 157 ---函数名:log_message--日志内容: "GET /static/css/font.css HTTP/1.1" 200 505 
2020-04-07 09:31:07,698----日志级别:INFO---行号: 157 ---函数名:log_message--日志内容: "GET /static/lib/layui/layui.js HTTP/1.1" 200 6542 
2020-04-07 09:31:07,707----日志级别:INFO---行号: 157 ---函数名:log_message--日志内容: "GET /static/lib/layui/css/layui.css HTTP/1.1" 200 60227 
2020-04-07 09:31:07,722----日志级别:INFO---行号: 157 ---函数名:log_message--日志内容: "GET /static/js/xadmin.js HTTP/1.1" 200 6107 
2020-04-07 09:31:07,745----日志级别:INFO---行号: 157 ---函数名:log_message--日志内容: "GET /static/js/jquery.min.js HTTP/1.1" 200 84355 
2020-04-07 09:31:07,852----日志级别:INFO---行号: 157 ---函数名:log_message--日志内容: "GET /welcome HTTP/1.1" 200 7961 
2020-04-07 09:31:07,863----日志级别:INFO---行号: 157 ---函数名:log_message--日志内容: "GET /static/lib/layui/lay/modules/form.js HTTP/1.1" 200 7925 
2020-04-07 09:31:07,898----日志级别:INFO---行号: 157 ---函数名:log_message--日志内容: "GET /static/lib/layui/font/iconfont.woff?v=226_rc2 HTTP/1.1" 200 26840 
2020-04-07 09:31:07,900----日志级别:INFO---行号: 157 ---函数名:log_message--日志内容: "GET /static/fonts/iconfont.woff HTTP/1.1" 200 30200 
2020-04-07 09:31:07,959----日志级别:INFO---行号: 157 ---函数名:log_message--日志内容: "GET /static/lib/layui/lay/modules/layer.js HTTP/1.1" 200 22063 
2020-04-07 09:31:08,018----日志级别:INFO---行号: 157 ---函数名:log_message--日志内容: "GET /static/lib/layui/css/modules/layer/default/layer.css?v=3.1.1 HTTP/1.1" 200 14425 
2020-04-07 09:31:08,031----日志级别:INFO---行号: 157 ---函数名:log_message--日志内容: "GET /static/lib/layui/lay/modules/element.js HTTP/1.1" 200 7264 
2020-04-07 09:31:08,058----日志级别:INFO---行号: 157 ---函数名:log_message--日志内容: "GET /favicon.ico HTTP/1.1" 302 0 
2020-04-07 09:31:08,064----日志级别:INFO---行号: 157 ---函数名:log_message--日志内容: "GET /static/favicon.ico HTTP/1.1" 200 1424 
2020-04-07 09:32:10,471----日志级别:WARNING---行号: 157 ---函数名:log_message--日志内容: "GET /static/js/jquery.min.map HTTP/1.1" 404 1677 
2020-04-07 09:32:54,401----日志级别:WARNING---行号: 222 ---函数名:log_response--日志内容: Not Found: /echarts1.html 
2020-04-07 09:32:54,402----日志级别:WARNING---行号: 157 ---函数名:log_message--日志内容: "GET /echarts1.html HTTP/1.1" 404 3585 
2020-04-07 09:33:50,613----日志级别:INFO---行号: 157 ---函数名:log_message--日志内容: "GET /index HTTP/1.1" 200 12502 
2020-04-07 09:33:50,668----日志级别:INFO---行号: 157 ---函数名:log_message--日志内容: "GET /welcome HTTP/1.1" 200 7961 
2020-04-07 09:33:50,705----日志级别:INFO---行号: 157 ---函数名:log_message--日志内容: "GET /favicon.ico HTTP/1.1" 302 0 
2020-04-07 09:33:50,719----日志级别:INFO---行号: 157 ---函数名:log_message--日志内容: "GET /static/favicon.ico HTTP/1.1" 200 1424 
2020-04-07 09:33:59,462----日志级别:INFO---行号: 157 ---函数名:log_message--日志内容: "GET /index HTTP/1.1" 200 12502 
2020-04-07 09:33:59,518----日志级别:INFO---行号: 157 ---函数名:log_message--日志内容: "GET /welcome HTTP/1.1" 200 7961 
2020-04-07 09:33:59,553----日志级别:INFO---行号: 157 ---函数名:log_message--日志内容: "GET /favicon.ico HTTP/1.1" 302 0 
2020-04-07 09:33:59,557----日志级别:INFO---行号: 157 ---函数名:log_message--日志内容: "GET /static/favicon.ico HTTP/1.1" 200 1424 
2020-04-07 09:34:11,253----日志级别:INFO---行号: 157 ---函数名:log_message--日志内容: "GET /index HTTP/1.1" 200 12507 
2020-04-07 09:34:11,326----日志级别:INFO---行号: 157 ---函数名:log_message--日志内容: "GET /welcome HTTP/1.1" 200 7961 
2020-04-07 09:34:11,368----日志级别:INFO---行号: 157 ---函数名:log_message--日志内容: "GET /favicon.ico HTTP/1.1" 302 0 
2020-04-07 09:34:11,372----日志级别:INFO---行号: 157 ---函数名:log_message--日志内容: "GET /static/favicon.ico HTTP/1.1" 200 1424 
2020-04-07 09:34:26,847----日志级别:INFO---行号: 157 ---函数名:log_message--日志内容: "GET /index HTTP/1.1" 200 12522 
2020-04-07 09:34:26,894----日志级别:INFO---行号: 157 ---函数名:log_message--日志内容: "GET /welcome HTTP/1.1" 200 7961 
2020-04-07 09:34:26,939----日志级别:INFO---行号: 157 ---函数名:log_message--日志内容: "GET /favicon.ico HTTP/1.1" 302 0 
2020-04-07 09:34:26,948----日志级别:INFO---行号: 157 ---函数名:log_message--日志内容: "GET /static/favicon.ico HTTP/1.1" 200 1424 
2020-04-07 09:34:30,931----日志级别:INFO---行号: 157 ---函数名:log_message--日志内容: "GET /index HTTP/1.1" 200 12522 
2020-04-07 09:34:30,966----日志级别:INFO---行号: 157 ---函数名:log_message--日志内容: "GET /welcome HTTP/1.1" 200 7961 
2020-04-07 09:34:30,993----日志级别:INFO---行号: 157 ---函数名:log_message--日志内容: "GET /favicon.ico HTTP/1.1" 302 0 
2020-04-07 09:34:30,998----日志级别:INFO---行号: 157 ---函数名:log_message--日志内容: "GET /static/favicon.ico HTTP/1.1" 200 1424 
2020-04-07 09:34:45,116----日志级别:INFO---行号: 157 ---函数名:log_message--日志内容: "GET /index HTTP/1.1" 200 11921 
2020-04-07 09:34:45,177----日志级别:INFO---行号: 157 ---函数名:log_message--日志内容: "GET /favicon.ico HTTP/1.1" 302 0 
2020-04-07 09:34:45,184----日志级别:INFO---行号: 157 ---函数名:log_message--日志内容: "GET /static/favicon.ico HTTP/1.1" 200 1424 
2020-04-07 09:35:00,975----日志级别:INFO---行号: 157 ---函数名:log_message--日志内容: "GET /index HTTP/1.1" 200 12256 
2020-04-07 09:35:01,060----日志级别:INFO---行号: 157 ---函数名:log_message--日志内容: "GET /favicon.ico HTTP/1.1" 302 0 
2020-04-07 09:35:01,066----日志级别:INFO---行号: 157 ---函数名:log_message--日志内容: "GET /static/favicon.ico HTTP/1.1" 200 1424 
2020-04-07 09:35:04,711----日志级别:INFO---行号: 157 ---函数名:log_message--日志内容: "GET /index HTTP/1.1" 200 12256 
2020-04-07 09:35:04,745----日志级别:INFO---行号: 157 ---函数名:log_message--日志内容: "GET /favicon.ico HTTP/1.1" 302 0 
2020-04-07 09:35:04,748----日志级别:INFO---行号: 157 ---函数名:log_message--日志内容: "GET /static/favicon.ico HTTP/1.1" 200 1424 
2020-04-07 09:35:43,234----日志级别:INFO---行号: 157 ---函数名:log_message--日志内容: "GET /index HTTP/1.1" 200 12550 
2020-04-07 09:35:43,301----日志级别:INFO---行号: 157 ---函数名:log_message--日志内容: "GET /favicon.ico HTTP/1.1" 302 0 
2020-04-07 09:35:43,309----日志级别:INFO---行号: 157 ---函数名:log_message--日志内容: "GET /static/favicon.ico HTTP/1.1" 200 1424 
2020-04-07 09:35:47,647----日志级别:WARNING---行号: 157 ---函数名:log_message--日志内容: "GET /static/js/jquery.min.map HTTP/1.1" 404 1677 
2020-04-07 09:36:04,435----日志级别:INFO---行号: 157 ---函数名:log_message--日志内容: "GET /index HTTP/1.1" 200 12555 
2020-04-07 09:36:04,514----日志级别:WARNING---行号: 157 ---函数名:log_message--日志内容: "GET /static/js/jquery.min.map HTTP/1.1" 404 1677 
2020-04-07 09:36:04,584----日志级别:INFO---行号: 157 ---函数名:log_message--日志内容: "GET /favicon.ico HTTP/1.1" 302 0 
2020-04-07 09:36:04,605----日志级别:INFO---行号: 157 ---函数名:log_message--日志内容: "GET /static/favicon.ico HTTP/1.1" 200 1424 
2020-04-07 09:36:56,395----日志级别:INFO---行号: 157 ---函数名:log_message--日志内容: "GET /test_web HTTP/1.1" 200 7943 
2020-04-07 09:37:23,903----日志级别:INFO---行号: 157 ---函数名:log_message--日志内容: "GET /projectAdd HTTP/1.1" 200 4076 
2020-04-07 09:37:27,781----日志级别:INFO---行号: 157 ---函数名:log_message--日志内容: "GET /static/lib/layui/css/modules/layer/default/icon.png HTTP/1.1" 200 11493 
2020-04-07 09:37:31,712----日志级别:INFO---行号: 157 ---函数名:log_message--日志内容: "GET /static/lib/layui/css/modules/layer/default/loading-2.gif HTTP/1.1" 200 1787 
2020-04-07 09:37:31,713----日志级别:INFO---行号: 157 ---函数名:log_message--日志内容: "POST /api/projectAdd/ HTTP/1.1" 200 45 
2020-04-07 09:37:31,722----日志级别:INFO---行号: 157 ---函数名:log_message--日志内容: "GET /api/projectManager/0 HTTP/1.1" 301 0 
2020-04-07 09:37:31,763----日志级别:INFO---行号: 157 ---函数名:log_message--日志内容: "GET /api/projectManager/0/ HTTP/1.1" 200 7146 
2020-04-07 09:37:31,826----日志级别:INFO---行号: 157 ---函数名:log_message--日志内容: "GET /static/lib/layui/lay/modules/laydate.js HTTP/1.1" 200 27337 
2020-04-07 09:37:31,860----日志级别:INFO---行号: 157 ---函数名:log_message--日志内容: "GET /static/lib/layui/css/modules/laydate/default/laydate.css?v=5.0.9 HTTP/1.1" 200 7537 
2020-04-07 09:37:37,065----日志级别:INFO---行号: 157 ---函数名:log_message--日志内容: "GET /api/projectAdd HTTP/1.1" 301 0 
2020-04-07 09:37:37,068----日志级别:INFO---行号: 157 ---函数名:log_message--日志内容: "GET /static/lib/layui/css/modules/layer/default/loading-1.gif HTTP/1.1" 200 701 
2020-04-07 09:37:37,080----日志级别:INFO---行号: 157 ---函数名:log_message--日志内容: "GET /api/projectAdd/ HTTP/1.1" 200 4076 
2020-04-07 09:37:42,204----日志级别:WARNING---行号: 222 ---函数名:log_response--日志内容: Not Found: / 
2020-04-07 09:37:42,205----日志级别:WARNING---行号: 157 ---函数名:log_message--日志内容: "GET / HTTP/1.1" 404 3528 
2020-04-07 09:37:45,895----日志级别:INFO---行号: 157 ---函数名:log_message--日志内容: "GET /index HTTP/1.1" 200 12555 
2020-04-07 09:39:56,387----日志级别:INFO---行号: 157 ---函数名:log_message--日志内容: "GET /index HTTP/1.1" 200 12526 
2020-04-07 09:39:56,446----日志级别:INFO---行号: 157 ---函数名:log_message--日志内容: "GET /favicon.ico HTTP/1.1" 302 0 
2020-04-07 09:39:56,453----日志级别:INFO---行号: 157 ---函数名:log_message--日志内容: "GET /static/favicon.ico HTTP/1.1" 200 1424 
2020-04-07 10:39:16,089----日志级别:INFO---行号: 157 ---函数名:log_message--日志内容: "GET /index HTTP/1.1" 200 12526 
2020-04-07 10:39:16,159----日志级别:INFO---行号: 157 ---函数名:log_message--日志内容: "GET /favicon.ico HTTP/1.1" 302 0 
2020-04-07 10:39:16,167----日志级别:INFO---行号: 157 ---函数名:log_message--日志内容: "GET /static/favicon.ico HTTP/1.1" 200 1424 
2020-04-07 11:05:13,779----日志级别:INFO---行号: 157 ---函数名:log_message--日志内容: "GET /index HTTP/1.1" 200 12526 
2020-04-07 11:05:13,879----日志级别:INFO---行号: 157 ---函数名:log_message--日志内容: "GET /favicon.ico HTTP/1.1" 302 0 
2020-04-07 11:05:13,883----日志级别:INFO---行号: 157 ---函数名:log_message--日志内容: "GET /static/favicon.ico HTTP/1.1" 200 1424 
2020-04-07 11:05:16,016----日志级别:INFO---行号: 157 ---函数名:log_message--日志内容: "GET /index HTTP/1.1" 200 12526 
2020-04-07 11:05:16,061----日志级别:INFO---行号: 157 ---函数名:log_message--日志内容: "GET /favicon.ico HTTP/1.1" 302 0 
2020-04-07 11:05:16,066----日志级别:INFO---行号: 157 ---函数名:log_message--日志内容: "GET /static/favicon.ico HTTP/1.1" 200 1424 
2020-04-07 15:36:22,510----日志级别:WARNING---行号: 222 ---函数名:log_response--日志内容: Not Found: /index/ 
2020-04-07 15:36:22,511----日志级别:WARNING---行号: 157 ---函数名:log_message--日志内容: "GET /index/ HTTP/1.1" 404 3564 
2020-04-07 15:36:25,243----日志级别:WARNING---行号: 222 ---函数名:log_response--日志内容: Not Found: / 
2020-04-07 15:36:25,244----日志级别:WARNING---行号: 157 ---函数名:log_message--日志内容: "GET / HTTP/1.1" 404 3528 
2020-04-07 15:36:35,012----日志级别:WARNING---行号: 222 ---函数名:log_response--日志内容: Not Found: / 
2020-04-07 15:36:35,012----日志级别:WARNING---行号: 157 ---函数名:log_message--日志内容: "GET / HTTP/1.1" 404 3528 
2020-04-07 15:36:43,499----日志级别:WARNING---行号: 222 ---函数名:log_response--日志内容: Not Found: / 
2020-04-07 15:36:43,500----日志级别:WARNING---行号: 157 ---函数名:log_message--日志内容: "GET / HTTP/1.1" 404 3528 
2020-04-07 15:36:55,880----日志级别:WARNING---行号: 222 ---函数名:log_response--日志内容: Not Found: / 
2020-04-07 15:36:55,880----日志级别:WARNING---行号: 157 ---函数名:log_message--日志内容: "GET / HTTP/1.1" 404 3528 
2020-04-07 15:37:07,631----日志级别:WARNING---行号: 222 ---函数名:log_response--日志内容: Not Found: / 
2020-04-07 15:37:07,631----日志级别:WARNING---行号: 157 ---函数名:log_message--日志内容: "GET / HTTP/1.1" 404 3528 
2020-04-07 15:37:07,663----日志级别:INFO---行号: 157 ---函数名:log_message--日志内容: "GET /favicon.ico HTTP/1.1" 302 0 
2020-04-07 15:37:07,675----日志级别:INFO---行号: 157 ---函数名:log_message--日志内容: "GET /static/favicon.ico HTTP/1.1" 200 1424 
2020-04-07 15:37:50,599----日志级别:WARNING---行号: 222 ---函数名:log_response--日志内容: Not Found: / 
2020-04-07 15:37:50,600----日志级别:WARNING---行号: 157 ---函数名:log_message--日志内容: "GET / HTTP/1.1" 404 3528 
2020-04-07 15:37:50,625----日志级别:INFO---行号: 157 ---函数名:log_message--日志内容: "GET /favicon.ico HTTP/1.1" 302 0 
2020-04-07 15:37:50,632----日志级别:INFO---行号: 157 ---函数名:log_message--日志内容: "GET /static/favicon.ico HTTP/1.1" 200 1424 
2020-04-07 15:37:58,052----日志级别:INFO---行号: 157 ---函数名:log_message--日志内容: "GET /index HTTP/1.1" 302 0 
2020-04-07 15:37:58,076----日志级别:INFO---行号: 157 ---函数名:log_message--日志内容: "GET /login HTTP/1.1" 200 3442 
2020-04-07 15:37:58,100----日志级别:INFO---行号: 157 ---函数名:log_message--日志内容: "GET /static/lib/layui/layui.js HTTP/1.1" 200 6542 
2020-04-07 15:37:58,104----日志级别:INFO---行号: 157 ---函数名:log_message--日志内容: "GET /static/css/font.css HTTP/1.1" 200 505 
2020-04-07 15:37:58,112----日志级别:INFO---行号: 157 ---函数名:log_message--日志内容: "GET /static/css/xadmin.css HTTP/1.1" 200 10034 
2020-04-07 15:37:58,119----日志级别:INFO---行号: 157 ---函数名:log_message--日志内容: "GET /static/js/xadmin.js HTTP/1.1" 200 6107 
2020-04-07 15:37:58,124----日志级别:INFO---行号: 157 ---函数名:log_message--日志内容: "GET /static/lib/layui/css/layui.css HTTP/1.1" 200 60227 
2020-04-07 15:37:58,156----日志级别:INFO---行号: 157 ---函数名:log_message--日志内容: "GET /static/js/jquery.min.js HTTP/1.1" 200 84355 
2020-04-07 15:37:58,214----日志级别:INFO---行号: 157 ---函数名:log_message--日志内容: "GET /static/images/aiwrap.png HTTP/1.1" 200 3032 
2020-04-07 15:37:58,214----日志级别:INFO---行号: 157 ---函数名:log_message--日志内容: "GET /static/images/bg.png HTTP/1.1" 200 28211 
2020-04-07 15:37:58,226----日志级别:INFO---行号: 157 ---函数名:log_message--日志内容: "GET /static/lib/layui/lay/modules/form.js HTTP/1.1" 200 7925 
2020-04-07 15:37:58,253----日志级别:INFO---行号: 157 ---函数名:log_message--日志内容: "GET /static/lib/layui/lay/modules/layer.js HTTP/1.1" 200 22063 
2020-04-07 15:37:58,281----日志级别:INFO---行号: 157 ---函数名:log_message--日志内容: "GET /static/lib/layui/lay/modules/element.js HTTP/1.1" 200 7264 
2020-04-07 15:37:58,285----日志级别:INFO---行号: 157 ---函数名:log_message--日志内容: "GET /static/lib/layui/css/modules/layer/default/layer.css?v=3.1.1 HTTP/1.1" 200 14425 
2020-04-07 15:37:58,286----日志级别:INFO---行号: 157 ---函数名:log_message--日志内容: "GET /static/lib/layui/font/iconfont.woff?v=226_rc2 HTTP/1.1" 200 26840 
2020-04-07 15:38:05,663----日志级别:INFO---行号: 85 ---函数名:login--日志内容: 用户名:admin和密码:123456存在错误啊！  
2020-04-07 17:38:20,394----日志级别:INFO---行号: 157 ---函数名:log_message--日志内容: "GET /index HTTP/1.1" 200 12526 
2020-04-07 17:38:20,457----日志级别:INFO---行号: 157 ---函数名:log_message--日志内容: "GET /static/css/font.css HTTP/1.1" 200 505 
2020-04-07 17:38:20,458----日志级别:INFO---行号: 157 ---函数名:log_message--日志内容: "GET /static/css/xadmin.css HTTP/1.1" 200 10034 
2020-04-07 17:38:20,462----日志级别:INFO---行号: 157 ---函数名:log_message--日志内容: "GET /static/lib/layui/layui.js HTTP/1.1" 200 6542 
2020-04-07 17:38:20,464----日志级别:INFO---行号: 157 ---函数名:log_message--日志内容: "GET /static/js/jquery.min.js HTTP/1.1" 200 84355 
2020-04-07 17:38:20,476----日志级别:INFO---行号: 157 ---函数名:log_message--日志内容: "GET /static/js/xadmin.js HTTP/1.1" 200 6107 
2020-04-07 17:38:20,477----日志级别:INFO---行号: 157 ---函数名:log_message--日志内容: "GET /static/lib/layui/css/layui.css HTTP/1.1" 200 60227 
2020-04-07 17:38:20,543----日志级别:INFO---行号: 157 ---函数名:log_message--日志内容: "GET /static/lib/layui/lay/modules/form.js HTTP/1.1" 200 7925 
2020-04-07 17:38:20,600----日志级别:INFO---行号: 157 ---函数名:log_message--日志内容: "GET /static/lib/layui/lay/modules/layer.js HTTP/1.1" 200 22063 
2020-04-07 17:38:20,601----日志级别:INFO---行号: 157 ---函数名:log_message--日志内容: "GET /static/fonts/iconfont.woff HTTP/1.1" 200 30200 
2020-04-07 17:38:20,601----日志级别:INFO---行号: 157 ---函数名:log_message--日志内容: "GET /static/lib/layui/font/iconfont.woff?v=226_rc2 HTTP/1.1" 200 26840 
2020-04-07 17:38:20,645----日志级别:INFO---行号: 157 ---函数名:log_message--日志内容: "GET /static/lib/layui/lay/modules/element.js HTTP/1.1" 200 7264 
2020-04-07 17:38:20,645----日志级别:INFO---行号: 157 ---函数名:log_message--日志内容: "GET /static/lib/layui/css/modules/layer/default/layer.css?v=3.1.1 HTTP/1.1" 200 14425 
2020-04-07 17:38:20,666----日志级别:INFO---行号: 157 ---函数名:log_message--日志内容: "GET /favicon.ico HTTP/1.1" 302 0 
2020-04-07 17:38:20,671----日志级别:INFO---行号: 157 ---函数名:log_message--日志内容: "GET /static/favicon.ico HTTP/1.1" 200 1424 
